app/build/intermediates/manifest_merge_blame_file/debug/manifest-merger-blame-debug-report.txt
1<?xml version="1.0" encoding="utf-8"?>
2<!--
3  ~ Copyright (C) 2017 The Android Open Source Project
4  ~
5  ~ Licensed under the Apache License, Version 2.0 (the "License");
6  ~ you may not use this file except in compliance with the License.
7  ~ You may obtain a copy of the License at
8  ~
9  ~      http://www.apache.org/licenses/LICENSE-2.0
10  ~
11  ~ Unless required by applicable law or agreed to in writing, software
12  ~ distributed under the License is distributed on an "AS IS" BASIS,
13  ~ WITHOUT WARRANTIES OR CONDITIONS OF ANY KIND, either express or implied.
14  ~ See the License for the specific language governing permissions and
15  ~ limitations under the License
16-->
17<manifest xmlns:android="http://schemas.android.com/apk/res/android"
18    package="com.example.android.fingerprintdialog"
19    android:versionCode="1"
20    android:versionName="1.0" >
21
22    <uses-sdk
23        android:minSdkVersion="24"
23-->src/main/AndroidManifest.xml
24        android:targetSdkVersion="29" />
24-->src/main/AndroidManifest.xml
25
26    <uses-permission android:name="android.permission.USE_FINGERPRINT" />
26-->src/main/AndroidManifest.xml:23:5-74
26-->src/main/AndroidManifest.xml:23:22-71
27    <uses-permission android:name="android.permission.USE_BIOMETRIC" />
27-->[androidx.biometric:biometric:1.1.0] AndroidManifest.xml:24:5-72
27-->[androidx.biometric:biometric:1.1.0] AndroidManifest.xml:24:22-69
28
29    <application
29-->src/main/AndroidManifest.xml:25:5-42:19
30        android:allowBackup="true"
30-->src/main/AndroidManifest.xml:26:9-35
31        android:appComponentFactory="androidx.core.app.CoreComponentFactory"
31-->[androidx.core:core:1.3.2] AndroidManifest.xml:24:18-86
32        android:debuggable="true"
33        android:extractNativeLibs="false"
34        android:icon="@mipmap/ic_launcher"
34-->src/main/AndroidManifest.xml:27:9-43
35        android:label="@string/application_name"
35-->src/main/AndroidManifest.xml:28:9-49
36        android:supportsRtl="true"
36-->src/main/AndroidManifest.xml:29:9-35
37        android:testOnly="true"
38        android:theme="@style/Theme.AppCompat.Light" >
38-->src/main/AndroidManifest.xml:30:9-53
39        <activity
39-->src/main/AndroidManifest.xml:33:9-41:20
40            android:name="com.example.android.biometricauth.MainActivity"
40-->src/main/AndroidManifest.xml:34:13-74
41            android:label="@string/application_name"
41-->src/main/AndroidManifest.xml:35:13-53
42            android:theme="@style/Theme.AppCompat.Light.NoActionBar" >
42-->src/main/AndroidManifest.xml:36:13-69
43            <intent-filter>
43-->src/main/AndroidManifest.xml:37:13-40:29
44                <action android:name="android.intent.action.MAIN" />
44-->src/main/AndroidManifest.xml:38:17-69
44-->src/main/AndroidManifest.xml:38:25-66
45
46                <category android:name="android.intent.category.LAUNCHER" />
46-->src/main/AndroidManifest.xml:39:17-77
46-->src/main/AndroidManifest.xml:39:27-74
47            </intent-filter>
48        </activity>
49    </application>
50
51</manifest>